<?xml version="1.0" encoding="UTF-8"?>
<testng-results ignored="0" total="1" passed="1" failed="0" skipped="0">
  <reporter-output>
  </reporter-output>
  <suite started-at="2022-05-10T21:54:55 IST" name="Default suite" finished-at="2022-05-10T21:55:05 IST" duration-ms="9197">
    <groups>
    </groups>
    <test started-at="2022-05-10T21:54:55 IST" name="Default test" finished-at="2022-05-10T21:55:05 IST" duration-ms="9197">
      <class name="Practice.NewTestPractice">
        <test-method signature="f()[pri:0, instance:Practice.NewTestPractice@188715b5]" started-at="2022-05-10T21:54:55 IST" name="f" finished-at="2022-05-10T21:55:05 IST" duration-ms="9109" status="PASS">
          <reporter-output>
          </reporter-output>
        </test-method> <!-- f -->
      </class> <!-- Practice.NewTestPractice -->
    </test> <!-- Default test -->
  </suite> <!-- Default suite -->
</testng-results>
